time="2022-10-01T22:55:04+03:00" level=info msg="CREATE ROUTER" func="main.main()" file="app.go:16"
time="2022-10-01T22:55:04+03:00" level=info msg="register user handler" func="main.main()" file="app.go:19"
time="2022-10-01T23:00:03+03:00" level=info msg="CREATE ROUTER" func="main.main()" file="app.go:16"
time="2022-10-01T23:00:03+03:00" level=info msg="register user handler" func="main.main()" file="app.go:19"
time="2022-10-01T23:00:03+03:00" level=info msg="server is listaning on port 0.0.0.0:1234" func="main.start()" file="app.go:38"
time="2022-10-01T23:59:02+03:00" level=info msg="CREATE ROUTER" func="main.main()" file="app.go:21"
time="2022-10-01T23:59:02+03:00" level=info msg="Read app config" func="github.com/roschek/go_rest.git/internal/config.GetConfig.func1()" file="config.go:25"
time="2022-10-01T23:59:02+03:00" level=info msg="register user handler" func="main.main()" file="app.go:25"
time="2022-10-01T23:59:02+03:00" level=info msg="listen unit tcp" func="main.start()" file="app.go:49"
time="2022-10-01T23:59:02+03:00" level=info msg="server is listaning on port 0.0.0.0:1234" func="main.start()" file="app.go:62"
time="2022-10-02T00:01:55+03:00" level=info msg="CREATE ROUTER" func="main.main()" file="app.go:21"
time="2022-10-02T00:01:55+03:00" level=info msg="Read app config" func="github.com/roschek/go_rest.git/internal/config.GetConfig.func1()" file="config.go:25"
time="2022-10-02T00:01:55+03:00" level=info msg="register user handler" func="main.main()" file="app.go:25"
time="2022-10-02T00:01:55+03:00" level=info msg="listen unit tcp" func="main.start()" file="app.go:49"
time="2022-10-02T00:01:55+03:00" level=info msg="server is listaning on port :10000" func="main.start()" file="app.go:62"
time="2022-10-02T00:03:46+03:00" level=info msg="CREATE ROUTER" func="main.main()" file="app.go:21"
time="2022-10-02T00:03:46+03:00" level=info msg="Read app config" func="github.com/roschek/go_rest.git/internal/config.GetConfig.func1()" file="config.go:25"
time="2022-10-02T00:03:46+03:00" level=info msg="register user handler" func="main.main()" file="app.go:25"
time="2022-10-02T00:03:46+03:00" level=info msg="listen unit tcp" func="main.start()" file="app.go:49"
time="2022-10-02T00:03:46+03:00" level=info msg="server is listaning on port 0.0.0.0:10000" func="main.start()" file="app.go:51"
